<?xml version="1.0" encoding="UTF-8"?>
<!-- Generated by org.testng.reporters.JUnitReportReporter -->
<testsuite hostname="DESKTOP-67CCEFI" failures="0" tests="1" name="com.testautomation.apitesting.utils.BaseTest" time="0.005" errors="0" timestamp="2024-08-16T15:39:15 GMT-05:00" skipped="0">
  <testcase classname="com.testautomation.apitesting.utils.BaseTest" name="BeforeMethod" time="0.005"/>
</testsuite> <!-- com.testautomation.apitesting.utils.BaseTest -->
