<?xml version="1.0" encoding="UTF-8"?>
<!-- Generated by org.testng.reporters.JUnitReportReporter -->
<testsuite hostname="DESKTOP-67CCEFI" failures="0" tests="1" name="com.testautomation.apitesting.tests.PatchAPIRequest" time="0.058" errors="0" timestamp="2024-08-16T15:43:11 GMT-05:00" skipped="0">
  <testcase classname="com.testautomation.apitesting.tests.PatchAPIRequest" name="patchAPIRequest" time="0.058"/>
</testsuite> <!-- com.testautomation.apitesting.tests.PatchAPIRequest -->
