<?xml version="1.0" encoding="UTF-8"?>
<!-- Generated by org.testng.reporters.JUnitReportReporter -->
<testsuite hostname="DESKTOP-67CCEFI" failures="0" tests="1" name="com.testautomation.apitesting.tests.DeleteAPIRequest" time="0.055" errors="0" timestamp="2024-08-16T15:43:51 GMT-05:00" skipped="0">
  <testcase classname="com.testautomation.apitesting.tests.DeleteAPIRequest" name="patchAPIRequest" time="0.055"/>
</testsuite> <!-- com.testautomation.apitesting.tests.DeleteAPIRequest -->
