<?xml version="1.0" encoding="UTF-8"?>
<!-- Generated by org.testng.reporters.JUnitReportReporter -->
<testsuite hostname="DESKTOP-67CCEFI" failures="0" tests="2" name="com.testautomation.apitesting.tests.PostAPIRequest" time="7.098" errors="0" timestamp="2024-08-16T15:43:31 GMT-05:00" skipped="0">
  <testcase classname="com.testautomation.apitesting.tests.PostAPIRequest" name="creatingbooking" time="7.091"/>
  <testcase classname="com.testautomation.apitesting.tests.PostAPIRequest" name="BeforeMethod" time="0.007"/>
</testsuite> <!-- com.testautomation.apitesting.tests.PostAPIRequest -->
