<?xml version="1.0" encoding="UTF-8"?>
<!-- Generated by org.testng.reporters.JUnitReportReporter -->
<testsuite hostname="DESKTOP-67CCEFI" failures="0" tests="1" name="com.testautomation.apitesting.tests.GetAPIRequest" time="6.033" errors="0" timestamp="2024-08-16T15:42:24 GMT-05:00" skipped="0">
  <testcase classname="com.testautomation.apitesting.tests.GetAPIRequest" name="getapirequest" time="6.033"/>
</testsuite> <!-- com.testautomation.apitesting.tests.GetAPIRequest -->
