<?xml version="1.0" encoding="UTF-8"?>
<!-- Generated by org.testng.reporters.JUnitReportReporter -->
<testsuite hostname="DESKTOP-67CCEFI" failures="0" tests="1" name="com.testautomation.apitesting.tests.PutAPIRequest" time="14.308" errors="0" timestamp="2024-08-16T15:42:57 GMT-05:00" skipped="0">
  <testcase classname="com.testautomation.apitesting.tests.PutAPIRequest" name="putAPIRequest" time="14.308"/>
</testsuite> <!-- com.testautomation.apitesting.tests.PutAPIRequest -->
